  main.cpp
e:\firework项目\reconstruction\reconstruction\shader.h(62): warning C4101: “infoLog”: 未引用的局部变量
e:\firework项目\reconstruction\reconstruction\shader.h(61): warning C4101: “success”: 未引用的局部变量
e:\firework项目\reconstruction\reconstruction\includeandlib\include\opencv2\core\mat.hpp(1965): warning C4819: 该文件包含不能在当前代码页(936)中表示的字符。请将该文件保存为 Unicode 格式以防止数据丢失
e:\firework项目\reconstruction\reconstruction\includeandlib\include\opencv2\core\persistence.hpp : warning C4819: 该文件包含不能在当前代码页(936)中表示的字符。请将该文件保存为 Unicode 格式以防止数据丢失
e:\firework项目\reconstruction\reconstruction\includeandlib\include\opencv2\core\utility.hpp : warning C4819: 该文件包含不能在当前代码页(936)中表示的字符。请将该文件保存为 Unicode 格式以防止数据丢失
e:\firework项目\reconstruction\reconstruction\includeandlib\include\opencv2\core\utility.hpp : warning C4819: 该文件包含不能在当前代码页(936)中表示的字符。请将该文件保存为 Unicode 格式以防止数据丢失
e:\firework项目\reconstruction\reconstruction\utils.h(30): warning C4244: “初始化”: 从“double”转换到“float”，可能丢失数据
e:\firework项目\reconstruction\reconstruction\utils.h(35): warning C4244: “初始化”: 从“double”转换到“float”，可能丢失数据
e:\firework项目\reconstruction\reconstruction\utils.h(36): warning C4244: “初始化”: 从“double”转换到“float”，可能丢失数据
e:\firework项目\reconstruction\reconstruction\utils.h(37): warning C4244: “初始化”: 从“double”转换到“float”，可能丢失数据
e:\firework项目\reconstruction\reconstruction\utils.h(39): warning C4244: “参数”: 从“double”转换到“float”，可能丢失数据
e:\firework项目\reconstruction\reconstruction\utils.h(40): warning C4244: “参数”: 从“double”转换到“float”，可能丢失数据
e:\firework项目\reconstruction\reconstruction\utils.h(41): warning C4244: “参数”: 从“double”转换到“float”，可能丢失数据
e:\firework项目\reconstruction\reconstruction\main.cpp(92): warning C4244: “初始化”: 从“double”转换到“float”，可能丢失数据
e:\firework项目\reconstruction\reconstruction\main.cpp(117): warning C4018: “<”: 有符号/无符号不匹配
e:\firework项目\reconstruction\reconstruction\main.cpp(125): warning C4018: “<”: 有符号/无符号不匹配
e:\firework项目\reconstruction\reconstruction\main.cpp(178): warning C4244: “=”: 从“double”转换到“float”，可能丢失数据
e:\firework项目\reconstruction\reconstruction\main.cpp(179): warning C4244: “=”: 从“double”转换到“float”，可能丢失数据
e:\firework项目\reconstruction\reconstruction\main.cpp(183): warning C4244: “初始化”: 从“double”转换到“float”，可能丢失数据
e:\firework项目\reconstruction\reconstruction\main.cpp(184): warning C4244: “初始化”: 从“double”转换到“float”，可能丢失数据
e:\firework项目\reconstruction\reconstruction\main.cpp(186): warning C4244: “=”: 从“double”转换到“float”，可能丢失数据
e:\firework项目\reconstruction\reconstruction\main.cpp(187): warning C4244: “=”: 从“double”转换到“float”，可能丢失数据
e:\firework项目\reconstruction\reconstruction\main.cpp(196): warning C4244: “参数”: 从“double”转换到“float”，可能丢失数据
  Reconstruction.vcxproj -> E:\FireWork项目\Reconstruction\Debug\Reconstruction.exe
